This is pdfTeX, Version 3.14159265-2.6-1.40.21 (TeX Live 2020/Debian) (preloaded format=pdflatex 2021.9.10)  24 SEP 2021 12:07
entering extended mode
 restricted \write18 enabled.
 %&-line parsing enabled.
**title.tex
(./title.tex
LaTeX2e <2020-10-01> patch level 4
L3 programming layer <2021-01-09> xparse <2020-03-03>

! LaTeX Error: Environment table undefined.

See the LaTeX manual or LaTeX Companion for explanation.
Type  H <return>  for immediate help.
 ...                                              
                                                  
l.1 \begin{table}
                 [ht]
Your command was ignored.
Type  I <command> <return>  to replace it with another command,
or  <return>  to continue without it.


! LaTeX Error: Missing \begin{document}.

See the LaTeX manual or LaTeX Companion for explanation.
Type  H <return>  for immediate help.
 ...                                              
                                                  
l.1 \begin{table}[
                  ht]
You're in trouble here.  Try typing  <return>  to proceed.
If that doesn't work, type  X <return>  to quit.

Missing character: There is no [ in font nullfont!
Missing character: There is no h in font nullfont!
Missing character: There is no t in font nullfont!
Missing character: There is no ] in font nullfont!
LaTeX Font Info:    External font `cmex10' loaded for size
(Font)              <7> on input line 3.
LaTeX Font Info:    External font `cmex10' loaded for size
(Font)              <5> on input line 3.
! Undefined control sequence.
l.5 		\begin{tabular}[c]{@{}c@{}} \includegraphics
                                                  [scale=0.37]{EmblemBMSTU} ...
The control sequence at the end of the top line
of your error message was never \def'ed. If you have
misspelled it (e.g., `\hobx'), type `I' and the correct
spelling (e.g., `I\hbox'). Otherwise just continue,
and I'll forget about whatever was undefined.

Missing character: There is no [ in font nullfont!
Missing character: There is no s in font nullfont!
Missing character: There is no c in font nullfont!
Missing character: There is no a in font nullfont!
Missing character: There is no l in font nullfont!
Missing character: There is no e in font nullfont!
Missing character: There is no = in font nullfont!
Missing character: There is no 0 in font nullfont!
Missing character: There is no . in font nullfont!
Missing character: There is no 3 in font nullfont!
Missing character: There is no 7 in font nullfont!
Missing character: There is no ] in font nullfont!
Missing character: There is no E in font nullfont!
Missing character: There is no m in font nullfont!
Missing character: There is no b in font nullfont!
Missing character: There is no l in font nullfont!
Missing character: There is no e in font nullfont!
Missing character: There is no m in font nullfont!
Missing character: There is no B in font nullfont!
Missing character: There is no M in font nullfont!
Missing character: There is no S in font nullfont!
Missing character: There is no T in font nullfont!
Missing character: There is no U in font nullfont!
! Undefined control sequence.
l.6 		\footnotesize
                   \begin{tabular}[c]{@{}c@{}}\textbf{–ú–∏–Ω–∏—Å—Ç–µ—Ä—Å—Ç–≤...
The control sequence at the end of the top line
of your error message was never \def'ed. If you have
misspelled it (e.g., `\hobx'), type `I' and the correct
spelling (e.g., `I\hbox'). Otherwise just continue,
and I'll forget about whatever was undefined.


! Package inputenc Error: Unicode character –ú (U+041C)
(inputenc)                not set up for use with LaTeX.

See the inputenc package documentation for explanation.
Type  H <return>  for immediate help.
 ...                                              
                                                  
l.6 ...—è~–†–æ—Å—Å–∏–π—Å–∫–æ–π~–§–µ–¥–µ—Ä–∞—Ü–∏–∏}
                                                  \\\textbf{–§–µ–¥–µ—Ä–∞–ª—å...

You may provide a definition with
\DeclareUnicodeCharacter 


! Package inputenc Error: Unicode character –∏ (U+0438)
(inputenc)                not set up for use with LaTeX.

See the inputenc package documentation for explanation.
Type  H <return>  for immediate help.
 ...                                              
                                                  
l.6 ...—è~–†–æ—Å—Å–∏–π—Å–∫–æ–π~–§–µ–¥–µ—Ä–∞—Ü–∏–∏}
                                                  \\\textbf{–§–µ–¥–µ—Ä–∞–ª—å...

You may provide a definition with
\DeclareUnicodeCharacter 


! Package inputenc Error: Unicode character –Ω (U+043D)
(inputenc)                not set up for use with LaTeX.

See the inputenc package documentation for explanation.
Type  H <return>  for immediate help.
 ...                                              
                                                  
l.6 ...—è~–†–æ—Å—Å–∏–π—Å–∫–æ–π~–§–µ–¥–µ—Ä–∞—Ü–∏–∏}
                                                  \\\textbf{–§–µ–¥–µ—Ä–∞–ª—å...

You may provide a definition with
\DeclareUnicodeCharacter 


! Package inputenc Error: Unicode character –∏ (U+0438)
(inputenc)                not set up for use with LaTeX.

See the inputenc package documentation for explanation.
Type  H <return>  for immediate help.
 ...                                              
                                                  
l.6 ...—è~–†–æ—Å—Å–∏–π—Å–∫–æ–π~–§–µ–¥–µ—Ä–∞—Ü–∏–∏}
                                                  \\\textbf{–§–µ–¥–µ—Ä–∞–ª—å...

You may provide a definition with
\DeclareUnicodeCharacter 


! Package inputenc Error: Unicode character —Å (U+0441)
(inputenc)                not set up for use with LaTeX.

See the inputenc package documentation for explanation.
Type  H <return>  for immediate help.
 ...                                              
                                                  
l.6 ...—è~–†–æ—Å—Å–∏–π—Å–∫–æ–π~–§–µ–¥–µ—Ä–∞—Ü–∏–∏}
                                                  \\\textbf{–§–µ–¥–µ—Ä–∞–ª—å...

You may provide a definition with
\DeclareUnicodeCharacter 


! Package inputenc Error: Unicode character —Ç (U+0442)
(inputenc)                not set up for use with LaTeX.

See the inputenc package documentation for explanation.
Type  H <return>  for immediate help.
 ...                                              
                                                  
l.6 ...—è~–†–æ—Å—Å–∏–π—Å–∫–æ–π~–§–µ–¥–µ—Ä–∞—Ü–∏–∏}
                                                  \\\textbf{–§–µ–¥–µ—Ä–∞–ª—å...

You may provide a definition with
\DeclareUnicodeCharacter 


! Package inputenc Error: Unicode character –µ (U+0435)
(inputenc)                not set up for use with LaTeX.

See the inputenc package documentation for explanation.
Type  H <return>  for immediate help.
 ...                                              
                                                  
l.6 ...—è~–†–æ—Å—Å–∏–π—Å–∫–æ–π~–§–µ–¥–µ—Ä–∞—Ü–∏–∏}
                                                  \\\textbf{–§–µ–¥–µ—Ä–∞–ª—å...

You may provide a definition with
\DeclareUnicodeCharacter 


! Package inputenc Error: Unicode character —Ä (U+0440)
(inputenc)                not set up for use with LaTeX.

See the inputenc package documentation for explanation.
Type  H <return>  for immediate help.
 ...                                              
                                                  
l.6 ...—è~–†–æ—Å—Å–∏–π—Å–∫–æ–π~–§–µ–¥–µ—Ä–∞—Ü–∏–∏}
                                                  \\\textbf{–§–µ–¥–µ—Ä–∞–ª—å...

You may provide a definition with
\DeclareUnicodeCharacter 


! Package inputenc Error: Unicode character —Å (U+0441)
(inputenc)                not set up for use with LaTeX.

See the inputenc package documentation for explanation.
Type  H <return>  for immediate help.
 ...                                              
                                                  
l.6 ...—è~–†–æ—Å—Å–∏–π—Å–∫–æ–π~–§–µ–¥–µ—Ä–∞—Ü–∏–∏}
                                                  \\\textbf{–§–µ–¥–µ—Ä–∞–ª—å...

You may provide a definition with
\DeclareUnicodeCharacter 


! Package inputenc Error: Unicode character —Ç (U+0442)
(inputenc)                not set up for use with LaTeX.

See the inputenc package documentation for explanation.
Type  H <return>  for immediate help.
 ...                                              
                                                  
l.6 ...—è~–†–æ—Å—Å–∏–π—Å–∫–æ–π~–§–µ–¥–µ—Ä–∞—Ü–∏–∏}
                                                  \\\textbf{–§–µ–¥–µ—Ä–∞–ª—å...

You may provide a definition with
\DeclareUnicodeCharacter 


! Package inputenc Error: Unicode character –≤ (U+0432)
(inputenc)                not set up for use with LaTeX.

See the inputenc package documentation for explanation.
Type  H <return>  for immediate help.
 ...                                              
                                                  
l.6 ...—è~–†–æ—Å—Å–∏–π—Å–∫–æ–π~–§–µ–¥–µ—Ä–∞—Ü–∏–∏}
                                                  \\\textbf{–§–µ–¥–µ—Ä–∞–ª—å...

You may provide a definition with
\DeclareUnicodeCharacter 


! Package inputenc Error: Unicode character –æ (U+043E)
(inputenc)                not set up for use with LaTeX.

See the inputenc package documentation for explanation.
Type  H <return>  for immediate help.
 ...                                              
                                                  
l.6 ...—è~–†–æ—Å—Å–∏–π—Å–∫–æ–π~–§–µ–¥–µ—Ä–∞—Ü–∏–∏}
                                                  \\\textbf{–§–µ–¥–µ—Ä–∞–ª—å...

You may provide a definition with
\DeclareUnicodeCharacter 


! Package inputenc Error: Unicode character –Ω (U+043D)
(inputenc)                not set up for use with LaTeX.

See the inputenc package documentation for explanation.
Type  H <return>  for immediate help.
 ...                                              
                                                  
l.6 ...—è~–†–æ—Å—Å–∏–π—Å–∫–æ–π~–§–µ–¥–µ—Ä–∞—Ü–∏–∏}
                                                  \\\textbf{–§–µ–¥–µ—Ä–∞–ª—å...

You may provide a definition with
\DeclareUnicodeCharacter 


! Package inputenc Error: Unicode character –∞ (U+0430)
(inputenc)                not set up for use with LaTeX.

See the inputenc package documentation for explanation.
Type  H <return>  for immediate help.
 ...                                              
                                                  
l.6 ...—è~–†–æ—Å—Å–∏–π—Å–∫–æ–π~–§–µ–¥–µ—Ä–∞—Ü–∏–∏}
                                                  \\\textbf{–§–µ–¥–µ—Ä–∞–ª—å...

You may provide a definition with
\DeclareUnicodeCharacter 


! Package inputenc Error: Unicode character —É (U+0443)
(inputenc)                not set up for use with LaTeX.

See the inputenc package documentation for explanation.
Type  H <return>  for immediate help.
 ...                                              
                                                  
l.6 ...—è~–†–æ—Å—Å–∏–π—Å–∫–æ–π~–§–µ–¥–µ—Ä–∞—Ü–∏–∏}
                                                  \\\textbf{–§–µ–¥–µ—Ä–∞–ª—å...

You may provide a definition with
\DeclareUnicodeCharacter 


! Package inputenc Error: Unicode character –∫ (U+043A)
(inputenc)                not set up for use with LaTeX.

See the inputenc package documentation for explanation.
Type  H <return>  for immediate help.
 ...                                              
                                                  
l.6 ...—è~–†–æ—Å—Å–∏–π—Å–∫–æ–π~–§–µ–¥–µ—Ä–∞—Ü–∏–∏}
                                                  \\\textbf{–§–µ–¥–µ—Ä–∞–ª—å...

You may provide a definition with
\DeclareUnicodeCharacter 


! Package inputenc Error: Unicode character –∏ (U+0438)
(inputenc)                not set up for use with LaTeX.

See the inputenc package documentation for explanation.
Type  H <return>  for immediate help.
 ...                                              
                                                  
l.6 ...—è~–†–æ—Å—Å–∏–π—Å–∫–æ–π~–§–µ–¥–µ—Ä–∞—Ü–∏–∏}
                                                  \\\textbf{–§–µ–¥–µ—Ä–∞–ª—å...

You may provide a definition with
\DeclareUnicodeCharacter 


! Package inputenc Error: Unicode character –∏ (U+0438)
(inputenc)                not set up for use with LaTeX.

See the inputenc package documentation for explanation.
Type  H <return>  for immediate help.
 ...                                              
                                                  
l.6 ...—è~–†–æ—Å—Å–∏–π—Å–∫–æ–π~–§–µ–¥–µ—Ä–∞—Ü–∏–∏}
                                                  \\\textbf{–§–µ–¥–µ—Ä–∞–ª—å...

You may provide a definition with
\DeclareUnicodeCharacter 


! Package inputenc Error: Unicode character –≤ (U+0432)
(inputenc)                not set up for use with LaTeX.

See the inputenc package documentation for explanation.
Type  H <return>  for immediate help.
 ...                                              
                                                  
l.6 ...—è~–†–æ—Å—Å–∏–π—Å–∫–æ–π~–§–µ–¥–µ—Ä–∞—Ü–∏–∏}
                                                  \\\textbf{–§–µ–¥–µ—Ä–∞–ª—å...

You may provide a definition with
\DeclareUnicodeCharacter 


! Package inputenc Error: Unicode character —ã (U+044B)
(inputenc)                not set up for use with LaTeX.

See the inputenc package documentation for explanation.
Type  H <return>  for immediate help.
 ...                                              
                                                  
l.6 ...—è~–†–æ—Å—Å–∏–π—Å–∫–æ–π~–§–µ–¥–µ—Ä–∞—Ü–∏–∏}
                                                  \\\textbf{–§–µ–¥–µ—Ä–∞–ª—å...

You may provide a definition with
\DeclareUnicodeCharacter 


! Package inputenc Error: Unicode character —Å (U+0441)
(inputenc)                not set up for use with LaTeX.

See the inputenc package documentation for explanation.
Type  H <return>  for immediate help.
 ...                                              
                                                  
l.6 ...—è~–†–æ—Å—Å–∏–π—Å–∫–æ–π~–§–µ–¥–µ—Ä–∞—Ü–∏–∏}
                                                  \\\textbf{–§–µ–¥–µ—Ä–∞–ª—å...

You may provide a definition with
\DeclareUnicodeCharacter 


! Package inputenc Error: Unicode character —à (U+0448)
(inputenc)                not set up for use with LaTeX.

See the inputenc package documentation for explanation.
Type  H <return>  for immediate help.
 ...                                              
                                                  
l.6 ...—è~–†–æ—Å—Å–∏–π—Å–∫–æ–π~–§–µ–¥–µ—Ä–∞—Ü–∏–∏}
                                                  \\\textbf{–§–µ–¥–µ—Ä–∞–ª—å...

You may provide a definition with
\DeclareUnicodeCharacter 


! Package inputenc Error: Unicode character –µ (U+0435)
(inputenc)                not set up for use with LaTeX.

See the inputenc package documentation for explanation.
Type  H <return>  for immediate help.
 ...                                              
                                                  
l.6 ...—è~–†–æ—Å—Å–∏–π—Å–∫–æ–π~–§–µ–¥–µ—Ä–∞—Ü–∏–∏}
                                                  \\\textbf{–§–µ–¥–µ—Ä–∞–ª—å...

You may provide a definition with
\DeclareUnicodeCharacter 


! Package inputenc Error: Unicode character –≥ (U+0433)
(inputenc)                not set up for use with LaTeX.

See the inputenc package documentation for explanation.
Type  H <return>  for immediate help.
 ...                                              
                                                  
l.6 ...—è~–†–æ—Å—Å–∏–π—Å–∫–æ–π~–§–µ–¥–µ—Ä–∞—Ü–∏–∏}
                                                  \\\textbf{–§–µ–¥–µ—Ä–∞–ª—å...

You may provide a definition with
\DeclareUnicodeCharacter 


! Package inputenc Error: Unicode character –æ (U+043E)
(inputenc)                not set up for use with LaTeX.

See the inputenc package documentation for explanation.
Type  H <return>  for immediate help.
 ...                                              
                                                  
l.6 ...—è~–†–æ—Å—Å–∏–π—Å–∫–æ–π~–§–µ–¥–µ—Ä–∞—Ü–∏–∏}
                                                  \\\textbf{–§–µ–¥–µ—Ä–∞–ª—å...

You may provide a definition with
\DeclareUnicodeCharacter 


! Package inputenc Error: Unicode character –æ (U+043E)
(inputenc)                not set up for use with LaTeX.

See the inputenc package documentation for explanation.
Type  H <return>  for immediate help.
 ...                                              
                                                  
l.6 ...—è~–†–æ—Å—Å–∏–π—Å–∫–æ–π~–§–µ–¥–µ—Ä–∞—Ü–∏–∏}
                                                  \\\textbf{–§–µ–¥–µ—Ä–∞–ª—å...

You may provide a definition with
\DeclareUnicodeCharacter 


! Package inputenc Error: Unicode character –± (U+0431)
(inputenc)                not set up for use with LaTeX.

See the inputenc package documentation for explanation.
Type  H <return>  for immediate help.
 ...                                              
                                                  
l.6 ...—è~–†–æ—Å—Å–∏–π—Å–∫–æ–π~–§–µ–¥–µ—Ä–∞—Ü–∏–∏}
                                                  \\\textbf{–§–µ–¥–µ—Ä–∞–ª—å...

You may provide a definition with
\DeclareUnicodeCharacter 


! Package inputenc Error: Unicode character —Ä (U+0440)
(inputenc)                not set up for use with LaTeX.

See the inputenc package documentation for explanation.
Type  H <return>  for immediate help.
 ...                                              
                                                  
l.6 ...—è~–†–æ—Å—Å–∏–π—Å–∫–æ–π~–§–µ–¥–µ—Ä–∞—Ü–∏–∏}
                                                  \\\textbf{–§–µ–¥–µ—Ä–∞–ª—å...

You may provide a definition with
\DeclareUnicodeCharacter 


! Package inputenc Error: Unicode character –∞ (U+0430)
(inputenc)                not set up for use with LaTeX.

See the inputenc package documentation for explanation.
Type  H <return>  for immediate help.
 ...                                              
                                                  
l.6 ...—è~–†–æ—Å—Å–∏–π—Å–∫–æ–π~–§–µ–¥–µ—Ä–∞—Ü–∏–∏}
                                                  \\\textbf{–§–µ–¥–µ—Ä–∞–ª—å...

You may provide a definition with
\DeclareUnicodeCharacter 


! Package inputenc Error: Unicode character –∑ (U+0437)
(inputenc)                not set up for use with LaTeX.

See the inputenc package documentation for explanation.
Type  H <return>  for immediate help.
 ...                                              
                                                  
l.6 ...—è~–†–æ—Å—Å–∏–π—Å–∫–æ–π~–§–µ–¥–µ—Ä–∞—Ü–∏–∏}
                                                  \\\textbf{–§–µ–¥–µ—Ä–∞–ª—å...

You may provide a definition with
\DeclareUnicodeCharacter 


! Package inputenc Error: Unicode character –æ (U+043E)
(inputenc)                not set up for use with LaTeX.

See the inputenc package documentation for explanation.
Type  H <return>  for immediate help.
 ...                                              
                                                  
l.6 ...—è~–†–æ—Å—Å–∏–π—Å–∫–æ–π~–§–µ–¥–µ—Ä–∞—Ü–∏–∏}
                                                  \\\textbf{–§–µ–¥–µ—Ä–∞–ª—å...

You may provide a definition with
\DeclareUnicodeCharacter 


! Package inputenc Error: Unicode character –≤ (U+0432)
(inputenc)                not set up for use with LaTeX.

See the inputenc package documentation for explanation.
Type  H <return>  for immediate help.
 ...                                              
                                                  
l.6 ...—è~–†–æ—Å—Å–∏–π—Å–∫–æ–π~–§–µ–¥–µ—Ä–∞—Ü–∏–∏}
                                                  \\\textbf{–§–µ–¥–µ—Ä–∞–ª—å...

You may provide a definition with
\DeclareUnicodeCharacter 


! Package inputenc Error: Unicode character –∞ (U+0430)
(inputenc)                not set up for use with LaTeX.

See the inputenc package documentation for explanation.
Type  H <return>  for immediate help.
 ...                                              
                                                  
l.6 ...—è~–†–æ—Å—Å–∏–π—Å–∫–æ–π~–§–µ–¥–µ—Ä–∞—Ü–∏–∏}
                                                  \\\textbf{–§–µ–¥–µ—Ä–∞–ª—å...

You may provide a definition with
\DeclareUnicodeCharacter 


! Package inputenc Error: Unicode character –Ω (U+043D)
(inputenc)                not set up for use with LaTeX.

See the inputenc package documentation for explanation.
Type  H <return>  for immediate help.
 ...                                              
                                                  
l.6 ...—è~–†–æ—Å—Å–∏–π—Å–∫–æ–π~–§–µ–¥–µ—Ä–∞—Ü–∏–∏}
                                                  \\\textbf{–§–µ–¥–µ—Ä–∞–ª—å...

You may provide a definition with
\DeclareUnicodeCharacter 


! Package inputenc Error: Unicode character –∏ (U+0438)
(inputenc)                not set up for use with LaTeX.

See the inputenc package documentation for explanation.
Type  H <return>  for immediate help.
 ...                                              
                                                  
l.6 ...—è~–†–æ—Å—Å–∏–π—Å–∫–æ–π~–§–µ–¥–µ—Ä–∞—Ü–∏–∏}
                                                  \\\textbf{–§–µ–¥–µ—Ä–∞–ª—å...

You may provide a definition with
\DeclareUnicodeCharacter 


! Package inputenc Error: Unicode character —è (U+044F)
(inputenc)                not set up for use with LaTeX.

See the inputenc package documentation for explanation.
Type  H <return>  for immediate help.
 ...                                              
                                                  
l.6 ...—è~–†–æ—Å—Å–∏–π—Å–∫–æ–π~–§–µ–¥–µ—Ä–∞—Ü–∏–∏}
                                                  \\\textbf{–§–µ–¥–µ—Ä–∞–ª—å...

You may provide a definition with
\DeclareUnicodeCharacter 


! Package inputenc Error: Unicode character –† (U+0420)
(inputenc)                not set up for use with LaTeX.

See the inputenc package documentation for explanation.
Type  H <return>  for immediate help.
 ...                                              
                                                  
l.6 ...—è~–†–æ—Å—Å–∏–π—Å–∫–æ–π~–§–µ–¥–µ—Ä–∞—Ü–∏–∏}
                                                  \\\textbf{–§–µ–¥–µ—Ä–∞–ª—å...

You may provide a definition with
\DeclareUnicodeCharacter 


! Package inputenc Error: Unicode character –æ (U+043E)
(inputenc)                not set up for use with LaTeX.

See the inputenc package documentation for explanation.
Type  H <return>  for immediate help.
 ...                                              
                                                  
l.6 ...—è~–†–æ—Å—Å–∏–π—Å–∫–æ–π~–§–µ–¥–µ—Ä–∞—Ü–∏–∏}
                                                  \\\textbf{–§–µ–¥–µ—Ä–∞–ª—å...

You may provide a definition with
\DeclareUnicodeCharacter 


! Package inputenc Error: Unicode character —Å (U+0441)
(inputenc)                not set up for use with LaTeX.

See the inputenc package documentation for explanation.
Type  H <return>  for immediate help.
 ...                                              
                                                  
l.6 ...—è~–†–æ—Å—Å–∏–π—Å–∫–æ–π~–§–µ–¥–µ—Ä–∞—Ü–∏–∏}
                                                  \\\textbf{–§–µ–¥–µ—Ä–∞–ª—å...

You may provide a definition with
\DeclareUnicodeCharacter 


! Package inputenc Error: Unicode character —Å (U+0441)
(inputenc)                not set up for use with LaTeX.

See the inputenc package documentation for explanation.
Type  H <return>  for immediate help.
 ...                                              
                                                  
l.6 ...—è~–†–æ—Å—Å–∏–π—Å–∫–æ–π~–§–µ–¥–µ—Ä–∞—Ü–∏–∏}
                                                  \\\textbf{–§–µ–¥–µ—Ä–∞–ª—å...

You may provide a definition with
\DeclareUnicodeCharacter 


! Package inputenc Error: Unicode character –∏ (U+0438)
(inputenc)                not set up for use with LaTeX.

See the inputenc package documentation for explanation.
Type  H <return>  for immediate help.
 ...                                              
                                                  
l.6 ...—è~–†–æ—Å—Å–∏–π—Å–∫–æ–π~–§–µ–¥–µ—Ä–∞—Ü–∏–∏}
                                                  \\\textbf{–§–µ–¥–µ—Ä–∞–ª—å...

You may provide a definition with
\DeclareUnicodeCharacter 


! Package inputenc Error: Unicode character –π (U+0439)
(inputenc)                not set up for use with LaTeX.

See the inputenc package documentation for explanation.
Type  H <return>  for immediate help.
 ...                                              
                                                  
l.6 ...—è~–†–æ—Å—Å–∏–π—Å–∫–æ–π~–§–µ–¥–µ—Ä–∞—Ü–∏–∏}
                                                  \\\textbf{–§–µ–¥–µ—Ä–∞–ª—å...

You may provide a definition with
\DeclareUnicodeCharacter 


! Package inputenc Error: Unicode character —Å (U+0441)
(inputenc)                not set up for use with LaTeX.

See the inputenc package documentation for explanation.
Type  H <return>  for immediate help.
 ...                                              
                                                  
l.6 ...—è~–†–æ—Å—Å–∏–π—Å–∫–æ–π~–§–µ–¥–µ—Ä–∞—Ü–∏–∏}
                                                  \\\textbf{–§–µ–¥–µ—Ä–∞–ª—å...

You may provide a definition with
\DeclareUnicodeCharacter 


! Package inputenc Error: Unicode character –∫ (U+043A)
(inputenc)                not set up for use with LaTeX.

See the inputenc package documentation for explanation.
Type  H <return>  for immediate help.
 ...                                              
                                                  
l.6 ...—è~–†–æ—Å—Å–∏–π—Å–∫–æ–π~–§–µ–¥–µ—Ä–∞—Ü–∏–∏}
                                                  \\\textbf{–§–µ–¥–µ—Ä–∞–ª—å...

You may provide a definition with
\DeclareUnicodeCharacter 


! Package inputenc Error: Unicode character –æ (U+043E)
(inputenc)                not set up for use with LaTeX.

See the inputenc package documentation for explanation.
Type  H <return>  for immediate help.
 ...                                              
                                                  
l.6 ...—è~–†–æ—Å—Å–∏–π—Å–∫–æ–π~–§–µ–¥–µ—Ä–∞—Ü–∏–∏}
                                                  \\\textbf{–§–µ–¥–µ—Ä–∞–ª—å...

You may provide a definition with
\DeclareUnicodeCharacter 


! Package inputenc Error: Unicode character –π (U+0439)
(inputenc)                not set up for use with LaTeX.

See the inputenc package documentation for explanation.
Type  H <return>  for immediate help.
 ...                                              
                                                  
l.6 ...—è~–†–æ—Å—Å–∏–π—Å–∫–æ–π~–§–µ–¥–µ—Ä–∞—Ü–∏–∏}
                                                  \\\textbf{–§–µ–¥–µ—Ä–∞–ª—å...

You may provide a definition with
\DeclareUnicodeCharacter 


! Package inputenc Error: Unicode character –§ (U+0424)
(inputenc)                not set up for use with LaTeX.

See the inputenc package documentation for explanation.
Type  H <return>  for immediate help.
 ...                                              
                                                  
l.6 ...—è~–†–æ—Å—Å–∏–π—Å–∫–æ–π~–§–µ–¥–µ—Ä–∞—Ü–∏–∏}
                                                  \\\textbf{–§–µ–¥–µ—Ä–∞–ª—å...

You may provide a definition with
\DeclareUnicodeCharacter 


! Package inputenc Error: Unicode character –µ (U+0435)
(inputenc)                not set up for use with LaTeX.

See the inputenc package documentation for explanation.
Type  H <return>  for immediate help.
 ...                                              
                                                  
l.6 ...—è~–†–æ—Å—Å–∏–π—Å–∫–æ–π~–§–µ–¥–µ—Ä–∞—Ü–∏–∏}
                                                  \\\textbf{–§–µ–¥–µ—Ä–∞–ª—å...

You may provide a definition with
\DeclareUnicodeCharacter 


! Package inputenc Error: Unicode character –¥ (U+0434)
(inputenc)                not set up for use with LaTeX.

See the inputenc package documentation for explanation.
Type  H <return>  for immediate help.
 ...                                              
                                                  
l.6 ...—è~–†–æ—Å—Å–∏–π—Å–∫–æ–π~–§–µ–¥–µ—Ä–∞—Ü–∏–∏}
                                                  \\\textbf{–§–µ–¥–µ—Ä–∞–ª—å...

You may provide a definition with
\DeclareUnicodeCharacter 


! Package inputenc Error: Unicode character –µ (U+0435)
(inputenc)                not set up for use with LaTeX.

See the inputenc package documentation for explanation.
Type  H <return>  for immediate help.
 ...                                              
                                                  
l.6 ...—è~–†–æ—Å—Å–∏–π—Å–∫–æ–π~–§–µ–¥–µ—Ä–∞—Ü–∏–∏}
                                                  \\\textbf{–§–µ–¥–µ—Ä–∞–ª—å...

You may provide a definition with
\DeclareUnicodeCharacter 


! Package inputenc Error: Unicode character —Ä (U+0440)
(inputenc)                not set up for use with LaTeX.

See the inputenc package documentation for explanation.
Type  H <return>  for immediate help.
 ...                                              
                                                  
l.6 ...—è~–†–æ—Å—Å–∏–π—Å–∫–æ–π~–§–µ–¥–µ—Ä–∞—Ü–∏–∏}
                                                  \\\textbf{–§–µ–¥–µ—Ä–∞–ª—å...

You may provide a definition with
\DeclareUnicodeCharacter 


! Package inputenc Error: Unicode character –∞ (U+0430)
(inputenc)                not set up for use with LaTeX.

See the inputenc package documentation for explanation.
Type  H <return>  for immediate help.
 ...                                              
                                                  
l.6 ...—è~–†–æ—Å—Å–∏–π—Å–∫–æ–π~–§–µ–¥–µ—Ä–∞—Ü–∏–∏}
                                                  \\\textbf{–§–µ–¥–µ—Ä–∞–ª—å...

You may provide a definition with
\DeclareUnicodeCharacter 


! Package inputenc Error: Unicode character —Ü (U+0446)
(inputenc)                not set up for use with LaTeX.

See the inputenc package documentation for explanation.
Type  H <return>  for immediate help.
 ...                                              
                                                  
l.6 ...—è~–†–æ—Å—Å–∏–π—Å–∫–æ–π~–§–µ–¥–µ—Ä–∞—Ü–∏–∏}
                                                  \\\textbf{–§–µ–¥–µ—Ä–∞–ª—å...

You may provide a definition with
\DeclareUnicodeCharacter 


! Package inputenc Error: Unicode character –∏ (U+0438)
(inputenc)                not set up for use with LaTeX.

See the inputenc package documentation for explanation.
Type  H <return>  for immediate help.
 ...                                              
                                                  
l.6 ...—è~–†–æ—Å—Å–∏–π—Å–∫–æ–π~–§–µ–¥–µ—Ä–∞—Ü–∏–∏}
                                                  \\\textbf{–§–µ–¥–µ—Ä–∞–ª—å...

You may provide a definition with
\DeclareUnicodeCharacter 


! Package inputenc Error: Unicode character –∏ (U+0438)
(inputenc)                not set up for use with LaTeX.

See the inputenc package documentation for explanation.
Type  H <return>  for immediate help.
 ...                                              
                                                  
l.6 ...—è~–†–æ—Å—Å–∏–π—Å–∫–æ–π~–§–µ–¥–µ—Ä–∞—Ü–∏–∏}
                                                  \\\textbf{–§–µ–¥–µ—Ä–∞–ª—å...

You may provide a definition with
\DeclareUnicodeCharacter 


! Package inputenc Error: Unicode character –§ (U+0424)
(inputenc)                not set up for use with LaTeX.

See the inputenc package documentation for explanation.
Type  H <return>  for immediate help.
 ...                                              
                                                  
l.6 ...∑–æ–≤–∞—Ç–µ–ª—å–Ω–æ–µ~—É—á—Ä–µ–∂–¥–µ–Ω–∏–µ}
                                                  \\\textbf{~–≤—ã—Å—à–µ–≥–æ~...

You may provide a definition with
\DeclareUnicodeCharacter 


! Package inputenc Error: Unicode character –µ (U+0435)
(inputenc)                not set up for use with LaTeX.

See the inputenc package documentation for explanation.
Type  H <return>  for immediate help.
 ...                                              
                                                  
l.6 ...∑–æ–≤–∞—Ç–µ–ª—å–Ω–æ–µ~—É—á—Ä–µ–∂–¥–µ–Ω–∏–µ}
                                                  \\\textbf{~–≤—ã—Å—à–µ–≥–æ~...

You may provide a definition with
\DeclareUnicodeCharacter 


! Package inputenc Error: Unicode character –¥ (U+0434)
(inputenc)                not set up for use with LaTeX.

See the inputenc package documentation for explanation.
Type  H <return>  for immediate help.
 ...                                              
                                                  
l.6 ...∑–æ–≤–∞—Ç–µ–ª—å–Ω–æ–µ~—É—á—Ä–µ–∂–¥–µ–Ω–∏–µ}
                                                  \\\textbf{~–≤—ã—Å—à–µ–≥–æ~...

You may provide a definition with
\DeclareUnicodeCharacter 


! Package inputenc Error: Unicode character –µ (U+0435)
(inputenc)                not set up for use with LaTeX.

See the inputenc package documentation for explanation.
Type  H <return>  for immediate help.
 ...                                              
                                                  
l.6 ...∑–æ–≤–∞—Ç–µ–ª—å–Ω–æ–µ~—É—á—Ä–µ–∂–¥–µ–Ω–∏–µ}
                                                  \\\textbf{~–≤—ã—Å—à–µ–≥–æ~...

You may provide a definition with
\DeclareUnicodeCharacter 


! Package inputenc Error: Unicode character —Ä (U+0440)
(inputenc)                not set up for use with LaTeX.

See the inputenc package documentation for explanation.
Type  H <return>  for immediate help.
 ...                                              
                                                  
l.6 ...∑–æ–≤–∞—Ç–µ–ª—å–Ω–æ–µ~—É—á—Ä–µ–∂–¥–µ–Ω–∏–µ}
                                                  \\\textbf{~–≤—ã—Å—à–µ–≥–æ~...

You may provide a definition with
\DeclareUnicodeCharacter 


! Package inputenc Error: Unicode character –∞ (U+0430)
(inputenc)                not set up for use with LaTeX.

See the inputenc package documentation for explanation.
Type  H <return>  for immediate help.
 ...                                              
                                                  
l.6 ...∑–æ–≤–∞—Ç–µ–ª—å–Ω–æ–µ~—É—á—Ä–µ–∂–¥–µ–Ω–∏–µ}
                                                  \\\textbf{~–≤—ã—Å—à–µ–≥–æ~...

You may provide a definition with
\DeclareUnicodeCharacter 


! Package inputenc Error: Unicode character –ª (U+043B)
(inputenc)                not set up for use with LaTeX.

See the inputenc package documentation for explanation.
Type  H <return>  for immediate help.
 ...                                              
                                                  
l.6 ...∑–æ–≤–∞—Ç–µ–ª—å–Ω–æ–µ~—É—á—Ä–µ–∂–¥–µ–Ω–∏–µ}
                                                  \\\textbf{~–≤—ã—Å—à–µ–≥–æ~...

You may provide a definition with
\DeclareUnicodeCharacter 


! Package inputenc Error: Unicode character —å (U+044C)
(inputenc)                not set up for use with LaTeX.

See the inputenc package documentation for explanation.
Type  H <return>  for immediate help.
 ...                                              
                                                  
l.6 ...∑–æ–≤–∞—Ç–µ–ª—å–Ω–æ–µ~—É—á—Ä–µ–∂–¥–µ–Ω–∏–µ}
                                                  \\\textbf{~–≤—ã—Å—à–µ–≥–æ~...

You may provide a definition with
\DeclareUnicodeCharacter 


! Package inputenc Error: Unicode character –Ω (U+043D)
(inputenc)                not set up for use with LaTeX.

See the inputenc package documentation for explanation.
Type  H <return>  for immediate help.
 ...                                              
                                                  
l.6 ...∑–æ–≤–∞—Ç–µ–ª—å–Ω–æ–µ~—É—á—Ä–µ–∂–¥–µ–Ω–∏–µ}
                                                  \\\textbf{~–≤—ã—Å—à–µ–≥–æ~...

You may provide a definition with
\DeclareUnicodeCharacter 


! Package inputenc Error: Unicode character –æ (U+043E)
(inputenc)                not set up for use with LaTeX.

See the inputenc package documentation for explanation.
Type  H <return>  for immediate help.
 ...                                              
                                                  
l.6 ...∑–æ–≤–∞—Ç–µ–ª—å–Ω–æ–µ~—É—á—Ä–µ–∂–¥–µ–Ω–∏–µ}
                                                  \\\textbf{~–≤—ã—Å—à–µ–≥–æ~...

You may provide a definition with
\DeclareUnicodeCharacter 


! Package inputenc Error: Unicode character –µ (U+0435)
(inputenc)                not set up for use with LaTeX.

See the inputenc package documentation for explanation.
Type  H <return>  for immediate help.
 ...                                              
                                                  
l.6 ...∑–æ–≤–∞—Ç–µ–ª—å–Ω–æ–µ~—É—á—Ä–µ–∂–¥–µ–Ω–∏–µ}
                                                  \\\textbf{~–≤—ã—Å—à–µ–≥–æ~...

You may provide a definition with
\DeclareUnicodeCharacter 


! Package inputenc Error: Unicode character –≥ (U+0433)
(inputenc)                not set up for use with LaTeX.

See the inputenc package documentation for explanation.
Type  H <return>  for immediate help.
 ...                                              
                                                  
l.6 ...∑–æ–≤–∞—Ç–µ–ª—å–Ω–æ–µ~—É—á—Ä–µ–∂–¥–µ–Ω–∏–µ}
                                                  \\\textbf{~–≤—ã—Å—à–µ–≥–æ~...

You may provide a definition with
\DeclareUnicodeCharacter 


! Package inputenc Error: Unicode character –æ (U+043E)
(inputenc)                not set up for use with LaTeX.

See the inputenc package documentation for explanation.
Type  H <return>  for immediate help.
 ...                                              
                                                  
l.6 ...∑–æ–≤–∞—Ç–µ–ª—å–Ω–æ–µ~—É—á—Ä–µ–∂–¥–µ–Ω–∏–µ}
                                                  \\\textbf{~–≤—ã—Å—à–µ–≥–æ~...

You may provide a definition with
\DeclareUnicodeCharacter 


! Package inputenc Error: Unicode character —Å (U+0441)
(inputenc)                not set up for use with LaTeX.

See the inputenc package documentation for explanation.
Type  H <return>  for immediate help.
 ...                                              
                                                  
l.6 ...∑–æ–≤–∞—Ç–µ–ª—å–Ω–æ–µ~—É—á—Ä–µ–∂–¥–µ–Ω–∏–µ}
                                                  \\\textbf{~–≤—ã—Å—à–µ–≥–æ~...

You may provide a definition with
\DeclareUnicodeCharacter 


! Package inputenc Error: Unicode character —É (U+0443)
(inputenc)                not set up for use with LaTeX.

See the inputenc package documentation for explanation.
Type  H <return>  for immediate help.
 ...                                              
                                                  
l.6 ...∑–æ–≤–∞—Ç–µ–ª—å–Ω–æ–µ~—É—á—Ä–µ–∂–¥–µ–Ω–∏–µ}
                                                  \\\textbf{~–≤—ã—Å—à–µ–≥–æ~...

You may provide a definition with
\DeclareUnicodeCharacter 


! Package inputenc Error: Unicode character –¥ (U+0434)
(inputenc)                not set up for use with LaTeX.

See the inputenc package documentation for explanation.
Type  H <return>  for immediate help.
 ...                                              
                                                  
l.6 ...∑–æ–≤–∞—Ç–µ–ª—å–Ω–æ–µ~—É—á—Ä–µ–∂–¥–µ–Ω–∏–µ}
                                                  \\\textbf{~–≤—ã—Å—à–µ–≥–æ~...

You may provide a definition with
\DeclareUnicodeCharacter 


! Package inputenc Error: Unicode character –∞ (U+0430)
(inputenc)                not set up for use with LaTeX.

See the inputenc package documentation for explanation.
Type  H <return>  for immediate help.
 ...                                              
                                                  
l.6 ...∑–æ–≤–∞—Ç–µ–ª—å–Ω–æ–µ~—É—á—Ä–µ–∂–¥–µ–Ω–∏–µ}
                                                  \\\textbf{~–≤—ã—Å—à–µ–≥–æ~...

You may provide a definition with
\DeclareUnicodeCharacter 


! Package inputenc Error: Unicode character —Ä (U+0440)
(inputenc)                not set up for use with LaTeX.

See the inputenc package documentation for explanation.
Type  H <return>  for immediate help.
 ...                                              
                                                  
l.6 ...∑–æ–≤–∞—Ç–µ–ª—å–Ω–æ–µ~—É—á—Ä–µ–∂–¥–µ–Ω–∏–µ}
                                                  \\\textbf{~–≤—ã—Å—à–µ–≥–æ~...

You may provide a definition with
\DeclareUnicodeCharacter 


! Package inputenc Error: Unicode character —Å (U+0441)
(inputenc)                not set up for use with LaTeX.

See the inputenc package documentation for explanation.
Type  H <return>  for immediate help.
 ...                                              
                                                  
l.6 ...∑–æ–≤–∞—Ç–µ–ª—å–Ω–æ–µ~—É—á—Ä–µ–∂–¥–µ–Ω–∏–µ}
                                                  \\\textbf{~–≤—ã—Å—à–µ–≥–æ~...

You may provide a definition with
\DeclareUnicodeCharacter 


! Package inputenc Error: Unicode character —Ç (U+0442)
(inputenc)                not set up for use with LaTeX.

See the inputenc package documentation for explanation.
Type  H <return>  for immediate help.
 ...                                              
                                                  
l.6 ...∑–æ–≤–∞—Ç–µ–ª—å–Ω–æ–µ~—É—á—Ä–µ–∂–¥–µ–Ω–∏–µ}
                                                  \\\textbf{~–≤—ã—Å—à–µ–≥–æ~...

You may provide a definition with
\DeclareUnicodeCharacter 


! Package inputenc Error: Unicode character –≤ (U+0432)
(inputenc)                not set up for use with LaTeX.

See the inputenc package documentation for explanation.
Type  H <return>  for immediate help.
 ...                                              
                                                  
l.6 ...∑–æ–≤–∞—Ç–µ–ª—å–Ω–æ–µ~—É—á—Ä–µ–∂–¥–µ–Ω–∏–µ}
                                                  \\\textbf{~–≤—ã—Å—à–µ–≥–æ~...

You may provide a definition with
\DeclareUnicodeCharacter 


! Package inputenc Error: Unicode character –µ (U+0435)
(inputenc)                not set up for use with LaTeX.

See the inputenc package documentation for explanation.
Type  H <return>  for immediate help.
 ...                                              
                                                  
l.6 ...∑–æ–≤–∞—Ç–µ–ª—å–Ω–æ–µ~—É—á—Ä–µ–∂–¥–µ–Ω–∏–µ}
                                                  \\\textbf{~–≤—ã—Å—à–µ–≥–æ~...

You may provide a definition with
\DeclareUnicodeCharacter 


! Package inputenc Error: Unicode character –Ω (U+043D)
(inputenc)                not set up for use with LaTeX.

See the inputenc package documentation for explanation.
Type  H <return>  for immediate help.
 ...                                              
                                                  
l.6 ...∑–æ–≤–∞—Ç–µ–ª—å–Ω–æ–µ~—É—á—Ä–µ–∂–¥–µ–Ω–∏–µ}
                                                  \\\textbf{~–≤—ã—Å—à–µ–≥–æ~...

You may provide a definition with
\DeclareUnicodeCharacter 


! Package inputenc Error: Unicode character –Ω (U+043D)
(inputenc)                not set up for use with LaTeX.

See the inputenc package documentation for explanation.
Type  H <return>  for immediate help.
 ...                                              
                                                  
l.6 ...∑–æ–≤–∞—Ç–µ–ª—å–Ω–æ–µ~—É—á—Ä–µ–∂–¥–µ–Ω–∏–µ}
                                                  \\\textbf{~–≤—ã—Å—à–µ–≥–æ~...

You may provide a definition with
\DeclareUnicodeCharacter 


! Package inputenc Error: Unicode character –æ (U+043E)
(inputenc)                not set up for use with LaTeX.

See the inputenc package documentation for explanation.
Type  H <return>  for immediate help.
 ...                                              
                                                  
l.6 ...∑–æ–≤–∞—Ç–µ–ª—å–Ω–æ–µ~—É—á—Ä–µ–∂–¥–µ–Ω–∏–µ}
                                                  \\\textbf{~–≤—ã—Å—à–µ–≥–æ~...

You may provide a definition with
\DeclareUnicodeCharacter 


! Package inputenc Error: Unicode character –µ (U+0435)
(inputenc)                not set up for use with LaTeX.

See the inputenc package documentation for explanation.
Type  H <return>  for immediate help.
 ...                                              
                                                  
l.6 ...∑–æ–≤–∞—Ç–µ–ª—å–Ω–æ–µ~—É—á—Ä–µ–∂–¥–µ–Ω–∏–µ}
                                                  \\\textbf{~–≤—ã—Å—à–µ–≥–æ~...

You may provide a definition with
\DeclareUnicodeCharacter 


! Package inputenc Error: Unicode character –± (U+0431)
(inputenc)                not set up for use with LaTeX.

See the inputenc package documentation for explanation.
Type  H <return>  for immediate help.
 ...                                              
                                                  
l.6 ...∑–æ–≤–∞—Ç–µ–ª—å–Ω–æ–µ~—É—á—Ä–µ–∂–¥–µ–Ω–∏–µ}
                                                  \\\textbf{~–≤—ã—Å—à–µ–≥–æ~...

You may provide a definition with
\DeclareUnicodeCharacter 


! Package inputenc Error: Unicode character —é (U+044E)
(inputenc)                not set up for use with LaTeX.

See the inputenc package documentation for explanation.
Type  H <return>  for immediate help.
 ...                                              
                                                  
l.6 ...∑–æ–≤–∞—Ç–µ–ª—å–Ω–æ–µ~—É—á—Ä–µ–∂–¥–µ–Ω–∏–µ}
                                                  \\\textbf{~–≤—ã—Å—à–µ–≥–æ~...

You may provide a definition with
\DeclareUnicodeCharacter 


! Package inputenc Error: Unicode character –¥ (U+0434)
(inputenc)                not set up for use with LaTeX.

See the inputenc package documentation for explanation.
Type  H <return>  for immediate help.
 ...                                              
                                                  
l.6 ...∑–æ–≤–∞—Ç–µ–ª—å–Ω–æ–µ~—É—á—Ä–µ–∂–¥–µ–Ω–∏–µ}
                                                  \\\textbf{~–≤—ã—Å—à–µ–≥–æ~...

You may provide a definition with
\DeclareUnicodeCharacter 


! Package inputenc Error: Unicode character –∂ (U+0436)
(inputenc)                not set up for use with LaTeX.

See the inputenc package documentation for explanation.
Type  H <return>  for immediate help.
 ...                                              
                                                  
l.6 ...∑–æ–≤–∞—Ç–µ–ª—å–Ω–æ–µ~—É—á—Ä–µ–∂–¥–µ–Ω–∏–µ}
                                                  \\\textbf{~–≤—ã—Å—à–µ–≥–æ~...

You may provide a definition with
\DeclareUnicodeCharacter 


! Package inputenc Error: Unicode character –µ (U+0435)
(inputenc)                not set up for use with LaTeX.

See the inputenc package documentation for explanation.
Type  H <return>  for immediate help.
 ...                                              
                                                  
l.6 ...∑–æ–≤–∞—Ç–µ–ª—å–Ω–æ–µ~—É—á—Ä–µ–∂–¥–µ–Ω–∏–µ}
                                                  \\\textbf{~–≤—ã—Å—à–µ–≥–æ~...

You may provide a definition with
\DeclareUnicodeCharacter 


! Package inputenc Error: Unicode character —Ç (U+0442)
(inputenc)                not set up for use with LaTeX.

See the inputenc package documentation for explanation.
Type  H <return>  for immediate help.
 ...                                              
                                                  
l.6 ...∑–æ–≤–∞—Ç–µ–ª—å–Ω–æ–µ~—É—á—Ä–µ–∂–¥–µ–Ω–∏–µ}
                                                  \\\textbf{~–≤—ã—Å—à–µ–≥–æ~...

You may provide a definition with
\DeclareUnicodeCharacter 


! Package inputenc Error: Unicode character –Ω (U+043D)
(inputenc)                not set up for use with LaTeX.

See the inputenc package documentation for explanation.
Type  H <return>  for immediate help.
 ...                                              
                                                  
l.6 ...∑–æ–≤–∞—Ç–µ–ª—å–Ω–æ–µ~—É—á—Ä–µ–∂–¥–µ–Ω–∏–µ}
                                                  \\\textbf{~–≤—ã—Å—à–µ–≥–æ~...

You may provide a definition with
\DeclareUnicodeCharacter 


! Package inputenc Error: Unicode character –æ (U+043E)
(inputenc)                not set up for use with LaTeX.

See the inputenc package documentation for explanation.
Type  H <return>  for immediate help.
 ...                                              
                                                  
l.6 ...∑–æ–≤–∞—Ç–µ–ª—å–Ω–æ–µ~—É—á—Ä–µ–∂–¥–µ–Ω–∏–µ}
                                                  \\\textbf{~–≤—ã—Å—à–µ–≥–æ~...

You may provide a definition with
\DeclareUnicodeCharacter 


! Package inputenc Error: Unicode character –µ (U+0435)
(inputenc)                not set up for use with LaTeX.

See the inputenc package documentation for explanation.
Type  H <return>  for immediate help.
 ...                                              
                                                  
l.6 ...∑–æ–≤–∞—Ç–µ–ª—å–Ω–æ–µ~—É—á—Ä–µ–∂–¥–µ–Ω–∏–µ}
                                                  \\\textbf{~–≤—ã—Å—à–µ–≥–æ~...

You may provide a definition with
\DeclareUnicodeCharacter 


! Package inputenc Error: Unicode character –æ (U+043E)
(inputenc)                not set up for use with LaTeX.

See the inputenc package documentation for explanation.
Type  H <return>  for immediate help.
 ...                                              
                                                  
l.6 ...∑–æ–≤–∞—Ç–µ–ª—å–Ω–æ–µ~—É—á—Ä–µ–∂–¥–µ–Ω–∏–µ}
                                                  \\\textbf{~–≤—ã—Å—à–µ–≥–æ~...

You may provide a definition with
\DeclareUnicodeCharacter 


! Package inputenc Error: Unicode character –± (U+0431)
(inputenc)                not set up for use with LaTeX.

See the inputenc package documentation for explanation.
Type  H <return>  for immediate help.
 ...                                              
                                                  
l.6 ...∑–æ–≤–∞—Ç–µ–ª—å–Ω–æ–µ~—É—á—Ä–µ–∂–¥–µ–Ω–∏–µ}
                                                  \\\textbf{~–≤—ã—Å—à–µ–≥–æ~...

You may provide a definition with
\DeclareUnicodeCharacter 


! Package inputenc Error: Unicode character —Ä (U+0440)
(inputenc)                not set up for use with LaTeX.

See the inputenc package documentation for explanation.
Type  H <return>  for immediate help.
 ...                                              
                                                  
l.6 ...∑–æ–≤–∞—Ç–µ–ª—å–Ω–æ–µ~—É—á—Ä–µ–∂–¥–µ–Ω–∏–µ}
                                                  \\\textbf{~–≤—ã—Å—à–µ–≥–æ~...

You may provide a definition with
\DeclareUnicodeCharacter 


! Package inputenc Error: Unicode character –∞ (U+0430)
(inputenc)                not set up for use with LaTeX.

See the inputenc package documentation for explanation.
Type  H <return>  for immediate help.
 ...                                              
                                                  
l.6 ...∑–æ–≤–∞—Ç–µ–ª—å–Ω–æ–µ~—É—á—Ä–µ–∂–¥–µ–Ω–∏–µ}
                                                  \\\textbf{~–≤—ã—Å—à–µ–≥–æ~...

You may provide a definition with
\DeclareUnicodeCharacter 


! Package inputenc Error: Unicode character –∑ (U+0437)
(inputenc)                not set up for use with LaTeX.

See the inputenc package documentation for explanation.
Type  H <return>  for immediate help.
 ...                                              
                                                  
l.6 ...∑–æ–≤–∞—Ç–µ–ª—å–Ω–æ–µ~—É—á—Ä–µ–∂–¥–µ–Ω–∏–µ}
                                                  \\\textbf{~–≤—ã—Å—à–µ–≥–æ~...

You may provide a definition with
\DeclareUnicodeCharacter 


! Package inputenc Error: Unicode character –æ (U+043E)
(inputenc)                not set up for use with LaTeX.

See the inputenc package documentation for explanation.
Type  H <return>  for immediate help.
 ...                                              
                                                  
l.6 ...∑–æ–≤–∞—Ç–µ–ª—å–Ω–æ–µ~—É—á—Ä–µ–∂–¥–µ–Ω–∏–µ}
                                                  \\\textbf{~–≤—ã—Å—à–µ–≥–æ~...
(That makes 100 errors; please try again.) 
Here is how much of TeX's memory you used:
 50 strings out of 480653
 795 string characters out of 5905852
 267279 words of memory out of 5000000
 17108 multiletter control sequences out of 15000+600000
 403738 words of font info for 28 fonts, out of 8000000 for 9000
 475 hyphenation exceptions out of 8191
 19i,15n,15p,720b,279s stack positions out of 5000i,500n,10000p,200000b,80000s

!  ==> Fatal error occurred, no output PDF file produced!
